{
  "stats": {
    "suites": 0,
    "tests": 2,
    "passes": 2,
    "pending": 0,
    "failures": 0,
    "start": "2023-02-23T04:21:41.013Z",
    "end": "2023-02-23T04:21:59.903Z",
    "duration": 18890,
    "testsRegistered": 2,
    "passPercent": 100,
    "pendingPercent": 0,
    "other": 0,
    "hasOther": false,
    "skipped": 0,
    "hasSkipped": false
  },
  "results": [
    {
      "uuid": "9f06e9f7-6fd1-4b31-8a93-8e1f78be711c",
      "title": "",
      "fullFile": "cypress\\e2e\\test.cy.js",
      "file": "cypress\\e2e\\test.cy.js",
      "beforeHooks": [],
      "afterHooks": [],
      "tests": [
        {
          "title": "Google test",
          "fullTitle": "Google test",
          "timedOut": null,
          "duration": 8512,
          "state": "passed",
          "speed": "medium",
          "pass": true,
          "fail": false,
          "pending": false,
          "context": null,
          "code": "cy.visit('https://www.google.com');\ncy.get('.gLFyf').type('Automation AI{enter}'); // timeout of 6 seconds cy.get('.gLFyf', {timeout: 6000})\ncy.contains('Videos').click();",
          "err": {},
          "uuid": "9f4698d5-647c-4f16-8a97-f86876e9c402",
          "parentUUID": "9f06e9f7-6fd1-4b31-8a93-8e1f78be711c",
          "isHook": false,
          "skipped": false
        },
        {
          "title": "Login test",
          "fullTitle": "Login test",
          "timedOut": null,
          "duration": 5266,
          "state": "passed",
          "speed": "medium",
          "pass": true,
          "fail": false,
          "pending": false,
          "context": null,
          "code": "cy.visit('https://opensource-demo.orangehrmlive.com/web/index.php/auth/login');\ncy.get(':nth-child(2) > .oxd-input-group > :nth-child(2) > .oxd-input').type('Admin');\ncy.get(':nth-child(3) > .oxd-input-group > :nth-child(2) > .oxd-input').type('admin123');\ncy.get('.oxd-button').click();",
          "err": {},
          "uuid": "2a56e9d3-1579-4c9a-9062-b554fd06ad28",
          "parentUUID": "9f06e9f7-6fd1-4b31-8a93-8e1f78be711c",
          "isHook": false,
          "skipped": false
        }
      ],
      "suites": [],
      "passes": [
        "9f4698d5-647c-4f16-8a97-f86876e9c402",
        "2a56e9d3-1579-4c9a-9062-b554fd06ad28"
      ],
      "failures": [],
      "pending": [],
      "skipped": [],
      "duration": 13778,
      "root": true,
      "rootEmpty": false,
      "_timeout": 2000
    }
  ],
  "meta": {
    "mocha": {
      "version": "7.0.1"
    },
    "mochawesome": {
      "options": {
        "quiet": false,
        "reportFilename": "mochawesome",
        "saveHtml": false,
        "saveJson": true,
        "consoleReporter": "spec",
        "useInlineDiffs": false,
        "code": true
      },
      "version": "7.1.3"
    },
    "marge": {
      "options": {
        "charts": true,
        "overwrite": false,
        "html": false,
        "json": true,
        "reportDir": "cypress/reports"
      },
      "version": "6.2.0"
    }
  }
}